nohup: ignoring input
---点信息读取完成---
分区边存放字典构造完毕
---边信息读取完成---
分区0共：22071520条边
分区1共：22071424条边
分区2共：22071385条边
分区3共：22071587条边
分区4共：22071416条边
分区5共：22071491条边
分区6共：22071537条边
分区7共：22071519条边
总边数：176571879
正在处理分区0的点集
正在读取comment_0_0.csv@person_0_0.csv的所有点id
正在读取comment_0_0.csv@tag_0_0.csv的所有点id
正在读取comment_0_0.csv@place_0_0.csv的所有点id
正在读取comment_0_0.csv@comment_0_0.csv的所有点id
正在读取comment_0_0.csv@post_0_0.csv的所有点id
正在读取forum_0_0.csv@post_0_0.csv的所有点id
正在读取forum_0_0.csv@person_0_0.csv的所有点id
正在读取forum_0_0.csv@tag_0_0.csv的所有点id
正在读取organisation_0_0.csv@place_0_0.csv的所有点id
正在读取person_0_0.csv@tag_0_0.csv的所有点id
正在读取person_0_0.csv@place_0_0.csv的所有点id
正在读取person_0_0.csv@person_0_0.csv的所有点id
正在读取person_0_0.csv@post_0_0.csv的所有点id
正在读取person_0_0.csv@organisation_0_0.csv的所有点id
正在读取place_0_0.csv@place_0_0.csv的所有点id
正在读取post_0_0.csv@tag_0_0.csv的所有点id
正在读取post_0_0.csv@place_0_0.csv的所有点id
正在读取tag_0_0.csv@tagclass_0_0.csv的所有点id
正在读取tagclass_0_0.csv@tagclass_0_0.csv的所有点id
正在处理分区1的点集
正在读取comment_0_0.csv@person_0_0.csv的所有点id
正在读取comment_0_0.csv@tag_0_0.csv的所有点id
正在读取comment_0_0.csv@place_0_0.csv的所有点id
正在读取comment_0_0.csv@comment_0_0.csv的所有点id
正在读取comment_0_0.csv@post_0_0.csv的所有点id
正在读取forum_0_0.csv@post_0_0.csv的所有点id
正在读取forum_0_0.csv@person_0_0.csv的所有点id
正在读取forum_0_0.csv@tag_0_0.csv的所有点id
正在读取organisation_0_0.csv@place_0_0.csv的所有点id
正在读取person_0_0.csv@tag_0_0.csv的所有点id
正在读取person_0_0.csv@place_0_0.csv的所有点id
正在读取person_0_0.csv@person_0_0.csv的所有点id
正在读取person_0_0.csv@post_0_0.csv的所有点id
正在读取person_0_0.csv@organisation_0_0.csv的所有点id
正在读取place_0_0.csv@place_0_0.csv的所有点id
正在读取post_0_0.csv@tag_0_0.csv的所有点id
正在读取post_0_0.csv@place_0_0.csv的所有点id
正在读取tag_0_0.csv@tagclass_0_0.csv的所有点id
正在读取tagclass_0_0.csv@tagclass_0_0.csv的所有点id
正在处理分区2的点集
正在读取comment_0_0.csv@person_0_0.csv的所有点id
正在读取comment_0_0.csv@tag_0_0.csv的所有点id
正在读取comment_0_0.csv@place_0_0.csv的所有点id
正在读取comment_0_0.csv@comment_0_0.csv的所有点id
正在读取comment_0_0.csv@post_0_0.csv的所有点id
正在读取forum_0_0.csv@post_0_0.csv的所有点id
正在读取forum_0_0.csv@person_0_0.csv的所有点id
正在读取forum_0_0.csv@tag_0_0.csv的所有点id
正在读取organisation_0_0.csv@place_0_0.csv的所有点id
正在读取person_0_0.csv@tag_0_0.csv的所有点id
正在读取person_0_0.csv@place_0_0.csv的所有点id
正在读取person_0_0.csv@person_0_0.csv的所有点id
正在读取person_0_0.csv@post_0_0.csv的所有点id
正在读取person_0_0.csv@organisation_0_0.csv的所有点id
正在读取place_0_0.csv@place_0_0.csv的所有点id
正在读取post_0_0.csv@tag_0_0.csv的所有点id
正在读取post_0_0.csv@place_0_0.csv的所有点id
正在读取tag_0_0.csv@tagclass_0_0.csv的所有点id
正在读取tagclass_0_0.csv@tagclass_0_0.csv的所有点id
正在处理分区3的点集
正在读取comment_0_0.csv@person_0_0.csv的所有点id
正在读取comment_0_0.csv@tag_0_0.csv的所有点id
正在读取comment_0_0.csv@place_0_0.csv的所有点id
正在读取comment_0_0.csv@comment_0_0.csv的所有点id
正在读取comment_0_0.csv@post_0_0.csv的所有点id
正在读取forum_0_0.csv@post_0_0.csv的所有点id
正在读取forum_0_0.csv@person_0_0.csv的所有点id
正在读取forum_0_0.csv@tag_0_0.csv的所有点id
正在读取organisation_0_0.csv@place_0_0.csv的所有点id
正在读取person_0_0.csv@tag_0_0.csv的所有点id
正在读取person_0_0.csv@place_0_0.csv的所有点id
正在读取person_0_0.csv@person_0_0.csv的所有点id
正在读取person_0_0.csv@post_0_0.csv的所有点id
正在读取person_0_0.csv@organisation_0_0.csv的所有点id
正在读取place_0_0.csv@place_0_0.csv的所有点id
正在读取post_0_0.csv@tag_0_0.csv的所有点id
正在读取post_0_0.csv@place_0_0.csv的所有点id
正在读取tag_0_0.csv@tagclass_0_0.csv的所有点id
正在读取tagclass_0_0.csv@tagclass_0_0.csv的所有点id
正在处理分区4的点集
正在读取comment_0_0.csv@person_0_0.csv的所有点id
正在读取comment_0_0.csv@tag_0_0.csv的所有点id
正在读取comment_0_0.csv@place_0_0.csv的所有点id
正在读取comment_0_0.csv@comment_0_0.csv的所有点id
正在读取comment_0_0.csv@post_0_0.csv的所有点id
正在读取forum_0_0.csv@post_0_0.csv的所有点id
正在读取forum_0_0.csv@person_0_0.csv的所有点id
正在读取forum_0_0.csv@tag_0_0.csv的所有点id
正在读取organisation_0_0.csv@place_0_0.csv的所有点id
正在读取person_0_0.csv@tag_0_0.csv的所有点id
正在读取person_0_0.csv@place_0_0.csv的所有点id
正在读取person_0_0.csv@person_0_0.csv的所有点id
正在读取person_0_0.csv@post_0_0.csv的所有点id
正在读取person_0_0.csv@organisation_0_0.csv的所有点id
正在读取place_0_0.csv@place_0_0.csv的所有点id
正在读取post_0_0.csv@tag_0_0.csv的所有点id
正在读取post_0_0.csv@place_0_0.csv的所有点id
正在读取tag_0_0.csv@tagclass_0_0.csv的所有点id
正在读取tagclass_0_0.csv@tagclass_0_0.csv的所有点id
正在处理分区5的点集
正在读取comment_0_0.csv@person_0_0.csv的所有点id
正在读取comment_0_0.csv@tag_0_0.csv的所有点id
正在读取comment_0_0.csv@place_0_0.csv的所有点id
正在读取comment_0_0.csv@comment_0_0.csv的所有点id
正在读取comment_0_0.csv@post_0_0.csv的所有点id
正在读取forum_0_0.csv@post_0_0.csv的所有点id
正在读取forum_0_0.csv@person_0_0.csv的所有点id
正在读取forum_0_0.csv@tag_0_0.csv的所有点id
正在读取organisation_0_0.csv@place_0_0.csv的所有点id
正在读取person_0_0.csv@tag_0_0.csv的所有点id
正在读取person_0_0.csv@place_0_0.csv的所有点id
正在读取person_0_0.csv@person_0_0.csv的所有点id
正在读取person_0_0.csv@post_0_0.csv的所有点id
正在读取person_0_0.csv@organisation_0_0.csv的所有点id
正在读取place_0_0.csv@place_0_0.csv的所有点id
正在读取post_0_0.csv@tag_0_0.csv的所有点id
正在读取post_0_0.csv@place_0_0.csv的所有点id
正在读取tag_0_0.csv@tagclass_0_0.csv的所有点id
正在读取tagclass_0_0.csv@tagclass_0_0.csv的所有点id
正在处理分区7的点集
正在读取comment_0_0.csv@person_0_0.csv的所有点id
正在读取comment_0_0.csv@tag_0_0.csv的所有点id
正在读取comment_0_0.csv@place_0_0.csv的所有点id
正在读取comment_0_0.csv@comment_0_0.csv的所有点id
正在读取comment_0_0.csv@post_0_0.csv的所有点id
正在读取forum_0_0.csv@post_0_0.csv的所有点id
正在读取forum_0_0.csv@person_0_0.csv的所有点id
正在读取forum_0_0.csv@tag_0_0.csv的所有点id
正在读取organisation_0_0.csv@place_0_0.csv的所有点id
正在读取person_0_0.csv@tag_0_0.csv的所有点id
正在读取person_0_0.csv@place_0_0.csv的所有点id
正在读取person_0_0.csv@person_0_0.csv的所有点id
正在读取person_0_0.csv@post_0_0.csv的所有点id
正在读取person_0_0.csv@organisation_0_0.csv的所有点id
正在读取place_0_0.csv@place_0_0.csv的所有点id
正在读取post_0_0.csv@tag_0_0.csv的所有点id
正在读取post_0_0.csv@place_0_0.csv的所有点id
正在读取tag_0_0.csv@tagclass_0_0.csv的所有点id
正在读取tagclass_0_0.csv@tagclass_0_0.csv的所有点id
正在处理分区6的点集
正在读取comment_0_0.csv@person_0_0.csv的所有点id
正在读取comment_0_0.csv@tag_0_0.csv的所有点id
正在读取comment_0_0.csv@place_0_0.csv的所有点id
正在读取comment_0_0.csv@comment_0_0.csv的所有点id
正在读取comment_0_0.csv@post_0_0.csv的所有点id
正在读取forum_0_0.csv@post_0_0.csv的所有点id
正在读取forum_0_0.csv@person_0_0.csv的所有点id
正在读取forum_0_0.csv@tag_0_0.csv的所有点id
正在读取organisation_0_0.csv@place_0_0.csv的所有点id
正在读取person_0_0.csv@tag_0_0.csv的所有点id
正在读取person_0_0.csv@place_0_0.csv的所有点id
正在读取person_0_0.csv@person_0_0.csv的所有点id
正在读取person_0_0.csv@post_0_0.csv的所有点id
正在读取person_0_0.csv@organisation_0_0.csv的所有点id
正在读取place_0_0.csv@place_0_0.csv的所有点id
正在读取post_0_0.csv@tag_0_0.csv的所有点id
正在读取post_0_0.csv@place_0_0.csv的所有点id
正在读取tag_0_0.csv@tagclass_0_0.csv的所有点id
正在读取tagclass_0_0.csv@tagclass_0_0.csv的所有点id
正在处理分区1的边集
正在处理分区2的边集
正在处理分区3的边集
正在处理分区0的边集
正在处理分区4的边集
正在处理分区6的边集
正在处理分区5的边集
正在处理分区7的边集
1534.2928142360179
1906.694074678002
处理完成！！！
